<?xml version="1.0" encoding="UTF-8"?>
<testsuite name="org.descartes.ProjetAjdApplicationTests" tests="1" skipped="0" failures="0" errors="0" timestamp="2017-03-19T17:52:44" hostname="Jordi" time="0.02">
  <properties/>
  <testcase name="contextLoads" classname="org.descartes.ProjetAjdApplicationTests" time="0.02"/>
  <system-out><![CDATA[18:52:41.222 [Test worker] DEBUG org.springframework.test.context.junit4.SpringJUnit4ClassRunner - SpringJUnit4ClassRunner constructor called with [class org.descartes.ProjetAjdApplicationTests]
18:52:41.226 [Test worker] DEBUG org.springframework.test.context.BootstrapUtils - Instantiating CacheAwareContextLoaderDelegate from class [org.springframework.test.context.cache.DefaultCacheAwareContextLoaderDelegate]
18:52:41.233 [Test worker] DEBUG org.springframework.test.context.BootstrapUtils - Instantiating BootstrapContext using constructor [public org.springframework.test.context.support.DefaultBootstrapContext(java.lang.Class,org.springframework.test.context.CacheAwareContextLoaderDelegate)]
18:52:41.246 [Test worker] DEBUG org.springframework.test.context.BootstrapUtils - Instantiating TestContextBootstrapper for test class [org.descartes.ProjetAjdApplicationTests] from class [org.springframework.boot.test.context.SpringBootTestContextBootstrapper]
18:52:41.256 [Test worker] INFO org.springframework.boot.test.context.SpringBootTestContextBootstrapper - Neither @ContextConfiguration nor @ContextHierarchy found for test class [org.descartes.ProjetAjdApplicationTests], using SpringBootContextLoader
18:52:41.260 [Test worker] DEBUG org.springframework.test.context.support.AbstractContextLoader - Did not detect default resource location for test class [org.descartes.ProjetAjdApplicationTests]: class path resource [org/descartes/ProjetAjdApplicationTests-context.xml] does not exist
18:52:41.261 [Test worker] DEBUG org.springframework.test.context.support.AbstractContextLoader - Did not detect default resource location for test class [org.descartes.ProjetAjdApplicationTests]: class path resource [org/descartes/ProjetAjdApplicationTestsContext.groovy] does not exist
18:52:41.261 [Test worker] INFO org.springframework.test.context.support.AbstractContextLoader - Could not detect default resource locations for test class [org.descartes.ProjetAjdApplicationTests]: no resource found for suffixes {-context.xml, Context.groovy}.
18:52:41.262 [Test worker] INFO org.springframework.test.context.support.AnnotationConfigContextLoaderUtils - Could not detect default configuration classes for test class [org.descartes.ProjetAjdApplicationTests]: ProjetAjdApplicationTests does not declare any static, non-private, non-final, nested classes annotated with @Configuration.
18:52:41.294 [Test worker] DEBUG org.springframework.test.context.support.ActiveProfilesUtils - Could not find an 'annotation declaring class' for annotation type [org.springframework.test.context.ActiveProfiles] and class [org.descartes.ProjetAjdApplicationTests]
18:52:41.338 [Test worker] DEBUG org.springframework.core.env.StandardEnvironment - Adding [systemProperties] PropertySource with lowest search precedence
18:52:41.338 [Test worker] DEBUG org.springframework.core.env.StandardEnvironment - Adding [systemEnvironment] PropertySource with lowest search precedence
18:52:41.339 [Test worker] DEBUG org.springframework.core.env.StandardEnvironment - Initialized StandardEnvironment with PropertySources [systemProperties,systemEnvironment]
18:52:41.347 [Test worker] DEBUG org.springframework.core.io.support.PathMatchingResourcePatternResolver - Resolved classpath location [org/descartes/] to resources [URL [file:/D:/Workspace/ProjADJ/build/classes/test/org/descartes/], URL [file:/D:/Workspace/ProjADJ/build/classes/main/org/descartes/]]
18:52:41.347 [Test worker] DEBUG org.springframework.core.io.support.PathMatchingResourcePatternResolver - Looking for matching resources in directory tree [D:\Workspace\ProjADJ\build\classes\test\org\descartes]
18:52:41.347 [Test worker] DEBUG org.springframework.core.io.support.PathMatchingResourcePatternResolver - Searching directory [D:\Workspace\ProjADJ\build\classes\test\org\descartes] for files matching pattern [D:/Workspace/ProjADJ/build/classes/test/org/descartes/*.class]
18:52:41.350 [Test worker] DEBUG org.springframework.core.io.support.PathMatchingResourcePatternResolver - Looking for matching resources in directory tree [D:\Workspace\ProjADJ\build\classes\main\org\descartes]
18:52:41.350 [Test worker] DEBUG org.springframework.core.io.support.PathMatchingResourcePatternResolver - Searching directory [D:\Workspace\ProjADJ\build\classes\main\org\descartes] for files matching pattern [D:/Workspace/ProjADJ/build/classes/main/org/descartes/*.class]
18:52:41.351 [Test worker] DEBUG org.springframework.core.io.support.PathMatchingResourcePatternResolver - Resolved location pattern [classpath*:org/descartes/*.class] to resources [file [D:\Workspace\ProjADJ\build\classes\test\org\descartes\ProjetAjdApplicationTests.class], file [D:\Workspace\ProjADJ\build\classes\main\org\descartes\ProjetAjdApplication.class]]
18:52:41.387 [Test worker] DEBUG org.springframework.context.annotation.ClassPathScanningCandidateComponentProvider - Identified candidate component class: file [D:\Workspace\ProjADJ\build\classes\main\org\descartes\ProjetAjdApplication.class]
18:52:41.389 [Test worker] INFO org.springframework.boot.test.context.SpringBootTestContextBootstrapper - Found @SpringBootConfiguration org.descartes.ProjetAjdApplication for test class org.descartes.ProjetAjdApplicationTests
18:52:41.392 [Test worker] DEBUG org.springframework.boot.test.context.SpringBootTestContextBootstrapper - @TestExecutionListeners is not present for class [org.descartes.ProjetAjdApplicationTests]: using defaults.
18:52:41.396 [Test worker] INFO org.springframework.boot.test.context.SpringBootTestContextBootstrapper - Loaded default TestExecutionListener class names from location [META-INF/spring.factories]: [org.springframework.boot.test.mock.mockito.MockitoTestExecutionListener, org.springframework.boot.test.mock.mockito.ResetMocksTestExecutionListener, org.springframework.boot.test.autoconfigure.restdocs.RestDocsTestExecutionListener, org.springframework.boot.test.autoconfigure.web.client.MockRestServiceServerResetTestExecutionListener, org.springframework.boot.test.autoconfigure.web.servlet.MockMvcPrintOnlyOnFailureTestExecutionListener, org.springframework.boot.test.autoconfigure.web.servlet.WebDriverTestExecutionListener, org.springframework.test.context.web.ServletTestExecutionListener, org.springframework.test.context.support.DirtiesContextBeforeModesTestExecutionListener, org.springframework.test.context.support.DependencyInjectionTestExecutionListener, org.springframework.test.context.support.DirtiesContextTestExecutionListener, org.springframework.test.context.transaction.TransactionalTestExecutionListener, org.springframework.test.context.jdbc.SqlScriptsTestExecutionListener]
18:52:41.406 [Test worker] INFO org.springframework.boot.test.context.SpringBootTestContextBootstrapper - Could not instantiate TestExecutionListener [org.springframework.test.context.transaction.TransactionalTestExecutionListener]. Specify custom listener classes or make the default listener classes (and their required dependencies) available. Offending class: [org/springframework/transaction/interceptor/TransactionAttributeSource]
18:52:41.411 [Test worker] INFO org.springframework.boot.test.context.SpringBootTestContextBootstrapper - Could not instantiate TestExecutionListener [org.springframework.test.context.jdbc.SqlScriptsTestExecutionListener]. Specify custom listener classes or make the default listener classes (and their required dependencies) available. Offending class: [org/springframework/transaction/interceptor/TransactionAttribute]
18:52:41.412 [Test worker] INFO org.springframework.boot.test.context.SpringBootTestContextBootstrapper - Using TestExecutionListeners: [org.springframework.test.context.web.ServletTestExecutionListener@7987c7b9, org.springframework.test.context.support.DirtiesContextBeforeModesTestExecutionListener@32481187, org.springframework.boot.test.autoconfigure.SpringBootDependencyInjectionTestExecutionListener@44d33151, org.springframework.test.context.support.DirtiesContextTestExecutionListener@5614e1cd, org.springframework.boot.test.autoconfigure.restdocs.RestDocsTestExecutionListener@11e94eb9, org.springframework.boot.test.mock.mockito.MockitoTestExecutionListener@635fb12a, org.springframework.boot.test.mock.mockito.ResetMocksTestExecutionListener@3e5b4da9, org.springframework.boot.test.autoconfigure.web.client.MockRestServiceServerResetTestExecutionListener@4f30c926, org.springframework.boot.test.autoconfigure.web.servlet.WebDriverTestExecutionListener@1477caff, org.springframework.boot.test.autoconfigure.web.servlet.MockMvcPrintOnlyOnFailureTestExecutionListener@abfffba]
18:52:41.415 [Test worker] DEBUG org.springframework.test.annotation.ProfileValueUtils - Retrieved @ProfileValueSourceConfiguration [null] for test class [org.descartes.ProjetAjdApplicationTests]
18:52:41.416 [Test worker] DEBUG org.springframework.test.annotation.ProfileValueUtils - Retrieved ProfileValueSource type [class org.springframework.test.annotation.SystemProfileValueSource] for class [org.descartes.ProjetAjdApplicationTests]
18:52:41.416 [Test worker] DEBUG org.springframework.test.annotation.ProfileValueUtils - Retrieved @ProfileValueSourceConfiguration [null] for test class [org.descartes.ProjetAjdApplicationTests]
18:52:41.417 [Test worker] DEBUG org.springframework.test.annotation.ProfileValueUtils - Retrieved ProfileValueSource type [class org.springframework.test.annotation.SystemProfileValueSource] for class [org.descartes.ProjetAjdApplicationTests]
18:52:41.422 [Test worker] DEBUG org.springframework.test.context.support.AbstractDirtiesContextTestExecutionListener - Before test class: context [DefaultTestContext@787358ec testClass = ProjetAjdApplicationTests, testInstance = [null], testMethod = [null], testException = [null], mergedContextConfiguration = [WebMergedContextConfiguration@618292c6 testClass = ProjetAjdApplicationTests, locations = '{}', classes = '{class org.descartes.ProjetAjdApplication}', contextInitializerClasses = '[]', activeProfiles = '{}', propertySourceLocations = '{}', propertySourceProperties = '{org.springframework.boot.test.context.SpringBootTestContextBootstrapper=true}', contextCustomizers = set[org.springframework.boot.test.context.SpringBootTestContextCustomizer@7d9d1700, org.springframework.boot.test.context.filter.ExcludeFilterContextCustomizer@47f1424d, org.springframework.boot.test.mock.mockito.MockitoContextCustomizer@0, org.springframework.boot.test.autoconfigure.properties.PropertyMappingContextCustomizer@0, org.springframework.boot.test.autoconfigure.web.servlet.WebDriverContextCustomizerFactory$Customizer@16758564], resourceBasePath = 'src/main/webapp', contextLoader = 'org.springframework.boot.test.context.SpringBootContextLoader', parent = [null]]], class annotated with @DirtiesContext [false] with mode [null].
18:52:41.423 [Test worker] DEBUG org.springframework.test.annotation.ProfileValueUtils - Retrieved @ProfileValueSourceConfiguration [null] for test class [org.descartes.ProjetAjdApplicationTests]
18:52:41.423 [Test worker] DEBUG org.springframework.test.annotation.ProfileValueUtils - Retrieved ProfileValueSource type [class org.springframework.test.annotation.SystemProfileValueSource] for class [org.descartes.ProjetAjdApplicationTests]
18:52:41.451 [Test worker] DEBUG org.springframework.core.env.StandardEnvironment - Adding [systemProperties] PropertySource with lowest search precedence
18:52:41.451 [Test worker] DEBUG org.springframework.core.env.StandardEnvironment - Adding [systemEnvironment] PropertySource with lowest search precedence
18:52:41.451 [Test worker] DEBUG org.springframework.core.env.StandardEnvironment - Initialized StandardEnvironment with PropertySources [systemProperties,systemEnvironment]
18:52:41.452 [Test worker] DEBUG org.springframework.test.context.support.TestPropertySourceUtils - Adding inlined properties to environment: {spring.jmx.enabled=false, org.springframework.boot.test.context.SpringBootTestContextBootstrapper=true, server.port=-1}
18:52:41.452 [Test worker] DEBUG org.springframework.core.env.StandardEnvironment - Adding [Inlined Test Properties] PropertySource with highest search precedence

  .   ____          _            __ _ _
 /\\ / ___'_ __ _ _(_)_ __  __ _ \ \ \ \
( ( )\___ | '_ | '_| | '_ \/ _` | \ \ \ \
 \\/  ___)| |_)| | | | | || (_| |  ) ) ) )
  '  |____| .__|_| |_|_| |_\__, | / / / /
 =========|_|==============|___/=/_/_/_/
 :: Spring Boot ::        (v1.4.2.RELEASE)

2017-03-19 18:52:41.819  INFO 15952 --- [    Test worker] org.descartes.ProjetAjdApplicationTests  : Starting ProjetAjdApplicationTests on Jordi with PID 15952 (started by jordi_2 in D:\Workspace\ProjADJ)
2017-03-19 18:52:41.820  INFO 15952 --- [    Test worker] org.descartes.ProjetAjdApplicationTests  : No active profile set, falling back to default profiles: default
2017-03-19 18:52:41.849  INFO 15952 --- [    Test worker] o.s.w.c.s.GenericWebApplicationContext   : Refreshing org.springframework.web.context.support.GenericWebApplicationContext@6f96203e: startup date [Sun Mar 19 18:52:41 CET 2017]; root of context hierarchy
[EL Config]: metadata: 2017-03-19 18:52:43.037--ServerSession(370609753)--Thread(Thread[Test worker,5,main])--The access type for the persistent class [class org.descartes.domain.Origine] is set to [PROPERTY].
[EL Config]: metadata: 2017-03-19 18:52:43.061--ServerSession(370609753)--Thread(Thread[Test worker,5,main])--The access type for the persistent class [class org.descartes.domain.Produit] is set to [PROPERTY].
[EL Config]: metadata: 2017-03-19 18:52:43.062--ServerSession(370609753)--Thread(Thread[Test worker,5,main])--The access type for the persistent class [class org.descartes.domain.Client] is set to [PROPERTY].
[EL Config]: metadata: 2017-03-19 18:52:43.063--ServerSession(370609753)--Thread(Thread[Test worker,5,main])--The access type for the persistent class [class org.descartes.domain.Personne] is set to [PROPERTY].
[EL Config]: metadata: 2017-03-19 18:52:43.063--ServerSession(370609753)--Thread(Thread[Test worker,5,main])--The alias name for the entity class [class org.descartes.domain.Origine] is being defaulted to: Origine.
[EL Config]: metadata: 2017-03-19 18:52:43.065--ServerSession(370609753)--Thread(Thread[Test worker,5,main])--The table name for entity [class org.descartes.domain.Origine] is being defaulted to: ORIGINE.
[EL Config]: metadata: 2017-03-19 18:52:43.078--ServerSession(370609753)--Thread(Thread[Test worker,5,main])--The column name for element [getLibelle] is being defaulted to: LIBELLE.
[EL Config]: metadata: 2017-03-19 18:52:43.079--ServerSession(370609753)--Thread(Thread[Test worker,5,main])--The column name for element [getId] is being defaulted to: ID.
[EL Config]: metadata: 2017-03-19 18:52:43.08--ServerSession(370609753)--Thread(Thread[Test worker,5,main])--The alias name for the entity class [class org.descartes.domain.Produit] is being defaulted to: Produit.
[EL Config]: metadata: 2017-03-19 18:52:43.08--ServerSession(370609753)--Thread(Thread[Test worker,5,main])--The table name for entity [class org.descartes.domain.Produit] is being defaulted to: PRODUIT.
[EL Config]: metadata: 2017-03-19 18:52:43.08--ServerSession(370609753)--Thread(Thread[Test worker,5,main])--The column name for element [getPrix] is being defaulted to: PRIX.
[EL Config]: metadata: 2017-03-19 18:52:43.081--ServerSession(370609753)--Thread(Thread[Test worker,5,main])--The column name for element [getLibelle] is being defaulted to: LIBELLE.
[EL Config]: metadata: 2017-03-19 18:52:43.081--ServerSession(370609753)--Thread(Thread[Test worker,5,main])--The column name for element [getId] is being defaulted to: ID.
[EL Config]: metadata: 2017-03-19 18:52:43.081--ServerSession(370609753)--Thread(Thread[Test worker,5,main])--The column name for element [getType] is being defaulted to: TYPE.
[EL Config]: metadata: 2017-03-19 18:52:43.081--ServerSession(370609753)--Thread(Thread[Test worker,5,main])--The alias name for the entity class [class org.descartes.domain.Client] is being defaulted to: Client.
[EL Config]: metadata: 2017-03-19 18:52:43.082--ServerSession(370609753)--Thread(Thread[Test worker,5,main])--The table name for entity [class org.descartes.domain.Client] is being defaulted to: CLIENT.
[EL Config]: metadata: 2017-03-19 18:52:43.082--ServerSession(370609753)--Thread(Thread[Test worker,5,main])--The column name for element [getAdresse] is being defaulted to: ADRESSE.
[EL Config]: metadata: 2017-03-19 18:52:43.082--ServerSession(370609753)--Thread(Thread[Test worker,5,main])--The column name for element [getId] is being defaulted to: ID.
[EL Config]: metadata: 2017-03-19 18:52:43.082--ServerSession(370609753)--Thread(Thread[Test worker,5,main])--The column name for element [getPrenom] is being defaulted to: PRENOM.
[EL Config]: metadata: 2017-03-19 18:52:43.083--ServerSession(370609753)--Thread(Thread[Test worker,5,main])--The column name for element [getNom] is being defaulted to: NOM.
[EL Config]: metadata: 2017-03-19 18:52:43.083--ServerSession(370609753)--Thread(Thread[Test worker,5,main])--The alias name for the entity class [class org.descartes.domain.Personne] is being defaulted to: Personne.
[EL Config]: metadata: 2017-03-19 18:52:43.083--ServerSession(370609753)--Thread(Thread[Test worker,5,main])--The table name for entity [class org.descartes.domain.Personne] is being defaulted to: PERSONNE.
[EL Config]: metadata: 2017-03-19 18:52:43.083--ServerSession(370609753)--Thread(Thread[Test worker,5,main])--The column name for element [getId] is being defaulted to: ID.
[EL Config]: metadata: 2017-03-19 18:52:43.084--ServerSession(370609753)--Thread(Thread[Test worker,5,main])--The column name for element [getNom] is being defaulted to: NOM.
[EL Info]: 2017-03-19 18:52:43.542--ServerSession(370609753)--Thread(Thread[Test worker,5,main])--EclipseLink, version: Eclipse Persistence Services - 2.5.1.v20130918-f2b9fc5
[EL Fine]: connection: 2017-03-19 18:52:43.578--Thread(Thread[Test worker,5,main])--Detected database platform: org.eclipse.persistence.platform.database.HSQLPlatform
[EL Config]: connection: 2017-03-19 18:52:43.589--ServerSession(370609753)--Connection(1961033394)--Thread(Thread[Test worker,5,main])--connecting(DatabaseLogin(
	platform=>HSQLPlatform
	user name=> "sa"
	datasource URL=> "jdbc:hsqldb:hsql://localhost/"
))
[EL Config]: connection: 2017-03-19 18:52:43.592--ServerSession(370609753)--Connection(941560086)--Thread(Thread[Test worker,5,main])--Connected: jdbc:hsqldb:hsql://localhost/
	User: SA
	Database: HSQL Database Engine  Version: 1.8.1
	Driver: HSQL Database Engine Driver  Version: 1.8.0
[EL Info]: connection: 2017-03-19 18:52:43.638--ServerSession(370609753)--Thread(Thread[Test worker,5,main])--file:/D:/Workspace/ProjADJ/build/resources/main/_manager1 login successful
[EL Fine]: sql: 2017-03-19 18:52:43.672--ServerSession(370609753)--Connection(941560086)--Thread(Thread[Test worker,5,main])--SELECT * FROM SEQUENCE WHERE SEQ_NAME = SEQ_GEN
[EL Fine]: sql: 2017-03-19 18:52:43.675--ServerSession(370609753)--Connection(941560086)--Thread(Thread[Test worker,5,main])--SELECT * FROM SEQUENCE WHERE SEQ_NAME = SEQ_GEN
2017-03-19 18:52:44.350  INFO 15952 --- [    Test worker] s.w.s.m.m.a.RequestMappingHandlerAdapter : Looking for @ControllerAdvice: org.springframework.web.context.support.GenericWebApplicationContext@6f96203e: startup date [Sun Mar 19 18:52:41 CET 2017]; root of context hierarchy
2017-03-19 18:52:44.426  INFO 15952 --- [    Test worker] s.w.s.m.m.a.RequestMappingHandlerMapping : Mapped "{[/personne],methods=[POST]}" onto public void org.descartes.web.RestWebService.postPersonne(org.descartes.domain.Personne)
2017-03-19 18:52:44.427  INFO 15952 --- [    Test worker] s.w.s.m.m.a.RequestMappingHandlerMapping : Mapped "{[/personne],methods=[GET]}" onto public java.util.List<?> org.descartes.web.RestWebService.getPersonne()
2017-03-19 18:52:44.427  INFO 15952 --- [    Test worker] s.w.s.m.m.a.RequestMappingHandlerMapping : Mapped "{[/personne/{nom}],methods=[GET]}" onto public org.descartes.domain.Personne org.descartes.web.RestWebService.getPersonne(java.lang.String)
2017-03-19 18:52:44.429  INFO 15952 --- [    Test worker] s.w.s.m.m.a.RequestMappingHandlerMapping : Mapped "{[/error]}" onto public org.springframework.http.ResponseEntity<java.util.Map<java.lang.String, java.lang.Object>> org.springframework.boot.autoconfigure.web.BasicErrorController.error(javax.servlet.http.HttpServletRequest)
2017-03-19 18:52:44.429  INFO 15952 --- [    Test worker] s.w.s.m.m.a.RequestMappingHandlerMapping : Mapped "{[/error],produces=[text/html]}" onto public org.springframework.web.servlet.ModelAndView org.springframework.boot.autoconfigure.web.BasicErrorController.errorHtml(javax.servlet.http.HttpServletRequest,javax.servlet.http.HttpServletResponse)
2017-03-19 18:52:44.463  INFO 15952 --- [    Test worker] o.s.w.s.handler.SimpleUrlHandlerMapping  : Mapped URL path [/webjars/**] onto handler of type [class org.springframework.web.servlet.resource.ResourceHttpRequestHandler]
2017-03-19 18:52:44.463  INFO 15952 --- [    Test worker] o.s.w.s.handler.SimpleUrlHandlerMapping  : Mapped URL path [/**] onto handler of type [class org.springframework.web.servlet.resource.ResourceHttpRequestHandler]
2017-03-19 18:52:44.507  INFO 15952 --- [    Test worker] o.s.w.s.handler.SimpleUrlHandlerMapping  : Mapped URL path [/**/favicon.ico] onto handler of type [class org.springframework.web.servlet.resource.ResourceHttpRequestHandler]
2017-03-19 18:52:44.668  INFO 15952 --- [    Test worker] org.descartes.ProjetAjdApplicationTests  : Started ProjetAjdApplicationTests in 3.208 seconds (JVM running for 4.027)
Client [nom=Dupont]
]]></system-out>
  <system-err><![CDATA[]]></system-err>
</testsuite>
